[debug] [2017-12-14T03:40:41.912Z] ----------------------------------------------------------------------
[debug] [2017-12-14T03:40:41.917Z] Command:       C:\Program Files\nodejs\node.exe C:\Users\Maximilian Kwok\AppData\Roaming\npm\node_modules\firebase-tools\bin\firebase deploy
[debug] [2017-12-14T03:40:41.918Z] CLI Version:   3.13.1
[debug] [2017-12-14T03:40:41.918Z] Platform:      win32
[debug] [2017-12-14T03:40:41.918Z] Node Version:  v6.11.3
[debug] [2017-12-14T03:40:41.920Z] Time:          Wed Dec 13 2017 19:40:41 GMT-0800 (Pacific Standard Time)
[debug] [2017-12-14T03:40:41.921Z] ----------------------------------------------------------------------
[debug] 
[debug] [2017-12-14T03:40:41.955Z] > command requires scopes: ["email","openid","https://www.googleapis.com/auth/cloudplatformprojects.readonly","https://www.googleapis.com/auth/firebase","https://www.googleapis.com/auth/cloud-platform"]
[debug] [2017-12-14T03:40:41.956Z] > authorizing via signed-in user
[debug] [2017-12-14T03:40:41.960Z] >>> HTTP REQUEST GET https://admin.firebase.com/v1/projects/benkyohr-e00dc  
 Wed Dec 13 2017 19:40:41 GMT-0800 (Pacific Standard Time)
[debug] [2017-12-14T03:40:42.503Z] <<< HTTP RESPONSE 200
[debug] [2017-12-14T03:40:42.509Z] >>> HTTP REQUEST GET https://admin.firebase.com/v1/database/benkyohr-e00dc/tokens  
 Wed Dec 13 2017 19:40:42 GMT-0800 (Pacific Standard Time)
[debug] [2017-12-14T03:40:42.985Z] <<< HTTP RESPONSE 200
[info] 1
[info] 
[info] === Deploying to 'benkyohr-e00dc'...
[info] 
[info] i  deploying hosting
[info] i  hosting: preparing / directory for upload...
[debug] [2017-12-14T03:42:10.878Z] >>> HTTP REQUEST PUT https://deploy.firebase.com/v1/hosting/benkyohr-e00dc/uploads/-L0I62ayC_8g2g1OkonC?fileCount=42101&message=  
 Wed Dec 13 2017 19:42:10 GMT-0800 (Pacific Standard Time)
